<?xml version="1.0" encoding="UTF-8"?>
<testsuite name="PointOfCheckoutTest" tests="8" skipped="0" failures="0" errors="0" timestamp="2024-05-06T12:11:52" hostname="LT-STP1KM4072" time="0.065">
  <properties/>
  <testcase name="testCheckoutFailure_test1_negative_discount()" classname="PointOfCheckoutTest" time="0.023"/>
  <testcase name="testCheckoutSuccess_test2()" classname="PointOfCheckoutTest" time="0.002"/>
  <testcase name="testCheckoutSuccess_test3()" classname="PointOfCheckoutTest" time="0.0"/>
  <testcase name="testCheckoutSuccess_test4()" classname="PointOfCheckoutTest" time="0.0"/>
  <testcase name="testCheckoutSuccess_test5()" classname="PointOfCheckoutTest" time="0.0"/>
  <testcase name="testCheckoutSuccess_test6()" classname="PointOfCheckoutTest" time="0.0"/>
  <testcase name="testCheckoutFailure_test1()" classname="PointOfCheckoutTest" time="0.002"/>
  <testcase name="testRentalAgreemenToString()" classname="PointOfCheckoutTest" time="0.032"/>
  <system-out><![CDATA[
Tool code: JAKR
Tool type: Jackhammer
Tool brand: Ridgid
Rental days: 4000
Check out date: 2020-07-02
Due date: 2031-06-15
Daily rental charge: $2.99
Charge days: 2834
Pre-discount charge: $8,473.66
Discount percent: 5%
Discount amount: $423.68
Final charge: $8,049.98


]]></system-out>
  <system-err><![CDATA[]]></system-err>
</testsuite>
